.====================================================================.
                                                                      
 .d8888b.   .o8888b.   db  .d8888b.  d8888b. d88888b d8888b.  .d888b. 
.8P    Y8. d8P    Y8   88 .8P    Y8. 88  `8D 88'     88  `8D .8P , Y8.
88      88 8P      oooo88 88      88 88oooY' 88oooo  88oobY' 88  |  88
88      88 8b      ~~~~88 88      88 88~~~b. 88~~~~  88`8b   88  |/ 88
`8b    d8' Y8b    d8   88 `8b    d8' 88   8D 88.     88 `88. `8b | d8'
 `Y8888P'   `Y8888P'   YP  `Y8888P'  Y8888P' Y88888P 88   YD  `Y888P' 
                                                                      
`========================== INSTALLATION LOG ========================'

[2017/07/18 09:35:50] Host: Linux michal-HP-Pavilion-x360-Convertible 4.4.0-83-generic #106-Ubuntu SMP Mon Jun 26 17:54:43 UTC 2017 x86_64
[2017/07/18 09:35:50] PHP version: 7.0.18-0ubuntu0.16.04.1
[2017/07/18 09:35:50] Server software: Apache/2.4.18 (Ubuntu)
[2017/07/18 09:35:50] Operating system: Linux
[2017/07/18 09:35:50] Memory limit: 128M
[2017/07/18 09:35:50] Max execution time: 3600
.============================ POST REQUEST ==========================.
[2017/07/18 09:35:51] Postback payload: Array
(
    [code] => phpVersion
    [handler] => onCheckRequirement
)

[2017/07/18 09:35:51] System check: phpVersion
[2017/07/18 09:35:51] Requirement phpVersion +OK
[2017/07/18 09:35:51] Execute handler (onCheckRequirement): Array
(
    [result] => 1
)

.============================ POST REQUEST ==========================.
[2017/07/18 09:35:52] Postback payload: Array
(
    [code] => curlLibrary
    [handler] => onCheckRequirement
)

[2017/07/18 09:35:52] System check: curlLibrary
[2017/07/18 09:35:52] Requirement curlLibrary +OK
[2017/07/18 09:35:52] Execute handler (onCheckRequirement): Array
(
    [result] => 1
)

.============================ POST REQUEST ==========================.
[2017/07/18 09:35:52] Postback payload: Array
(
    [code] => liveConnection
    [handler] => onCheckRequirement
)

[2017/07/18 09:35:52] System check: liveConnection
[2017/07/18 09:35:53] Server request: ping
[2017/07/18 09:35:53] Request information: Array
(
    [url] => http://octobercms.com/api/ping
    [content_type] => application/json
    [http_code] => 200
    [header_size] => 771
    [request_size] => 183
    [filetime] => -1
    [ssl_verify_result] => 0
    [redirect_count] => 0
    [total_time] => 0.512637
    [namelookup_time] => 0.060686
    [connect_time] => 0.082953
    [pretransfer_time] => 0.083144
    [size_upload] => 52
    [size_download] => 14
    [speed_download] => 27
    [speed_upload] => 101
    [download_content_length] => 14
    [upload_content_length] => 52
    [starttransfer_time] => 0.512535
    [redirect_time] => 0
    [redirect_url] => 
    [primary_ip] => 104.24.113.12
    [certinfo] => Array
        (
        )

    [primary_port] => 80
    [local_ip] => 192.168.0.10
    [local_port] => 55118
)

[2017/07/18 09:35:53] Requirement liveConnection +OK
[2017/07/18 09:35:53] Execute handler (onCheckRequirement): Array
(
    [result] => 1
)

.============================ POST REQUEST ==========================.
[2017/07/18 09:35:53] Postback payload: Array
(
    [code] => writePermission
    [handler] => onCheckRequirement
)

[2017/07/18 09:35:53] System check: writePermission
[2017/07/18 09:35:53] Requirement writePermission +OK
[2017/07/18 09:35:53] Execute handler (onCheckRequirement): Array
(
    [result] => 1
)

.============================ POST REQUEST ==========================.
[2017/07/18 09:35:54] Postback payload: Array
(
    [code] => pdoLibrary
    [handler] => onCheckRequirement
)

[2017/07/18 09:35:54] System check: pdoLibrary
[2017/07/18 09:35:54] Requirement pdoLibrary +OK
[2017/07/18 09:35:54] Execute handler (onCheckRequirement): Array
(
    [result] => 1
)

.============================ POST REQUEST ==========================.
[2017/07/18 09:35:55] Postback payload: Array
(
    [code] => mbstringLibrary
    [handler] => onCheckRequirement
)

[2017/07/18 09:35:55] System check: mbstringLibrary
[2017/07/18 09:35:55] Requirement mbstringLibrary +OK
[2017/07/18 09:35:55] Execute handler (onCheckRequirement): Array
(
    [result] => 1
)

.============================ POST REQUEST ==========================.
[2017/07/18 09:35:55] Postback payload: Array
(
    [code] => sslLibrary
    [handler] => onCheckRequirement
)

[2017/07/18 09:35:55] System check: sslLibrary
[2017/07/18 09:35:55] Requirement sslLibrary +OK
[2017/07/18 09:35:55] Execute handler (onCheckRequirement): Array
(
    [result] => 1
)

.============================ POST REQUEST ==========================.
[2017/07/18 09:35:56] Postback payload: Array
(
    [code] => zipLibrary
    [handler] => onCheckRequirement
)

[2017/07/18 09:35:56] System check: zipLibrary
[2017/07/18 09:35:56] Requirement zipLibrary +OK
[2017/07/18 09:35:56] Execute handler (onCheckRequirement): Array
(
    [result] => 1
)

.============================ POST REQUEST ==========================.
[2017/07/18 09:35:56] Postback payload: Array
(
    [code] => gdLibrary
    [handler] => onCheckRequirement
)

[2017/07/18 09:35:56] System check: gdLibrary
[2017/07/18 09:35:56] Requirement gdLibrary +OK
[2017/07/18 09:35:56] Execute handler (onCheckRequirement): Array
(
    [result] => 1
)

.============================ POST REQUEST ==========================.
[2017/07/18 09:46:12] Postback payload: Array
(
    [db_type] => mysql
    [db_host] => localhost
    [db_port] => 
    [db_name] => dodgydoggos
    [db_user] => superdoggo
    [db_pass] => *******
    [admin_first_name] => Admin
    [admin_last_name] => Person
    [admin_email] => *******@*****.com
    [admin_login] => admin
    [admin_password] => *******
    [admin_confirm_password] => *******
    [backend_uri] => /backend
    [encryption_code] => *******
    [file_mask] => 777
    [folder_mask] => 777
    [handler] => onValidateDatabase
)

.============================ POST REQUEST ==========================.
[2017/07/18 09:46:12] Postback payload: Array
(
    [db_type] => mysql
    [db_host] => localhost
    [db_port] => 
    [db_name] => dodgydoggos
    [db_user] => superdoggo
    [db_pass] => *******
    [admin_first_name] => Admin
    [admin_last_name] => Person
    [admin_email] => *******@*****.com
    [admin_login] => admin
    [admin_password] => *******
    [admin_confirm_password] => *******
    [backend_uri] => /backend
    [encryption_code] => *******
    [file_mask] => 777
    [folder_mask] => 777
    [handler] => onValidateAdminAccount
)

[2017/07/18 09:46:12] Handler error (onValidateAdminAccount): Please specify password
[2017/07/18 09:46:12] Trace log:
#0 /home/michal/webdev/dodgydoggos_october/install_files/php/Installer.php(48): Installer->onValidateAdminAccount()
#1 /home/michal/webdev/dodgydoggos_october/install_files/php/boot.php(74): Installer->__construct()
#2 /home/michal/webdev/dodgydoggos_october/install.php(1): include('/home/michal/we...')
#3 {main}
.============================ POST REQUEST ==========================.
[2017/07/18 09:46:57] Postback payload: Array
(
    [db_type] => mysql
    [db_host] => localhost
    [db_port] => 
    [db_name] => dodgydoggos
    [db_user] => superdoggo
    [db_pass] => *******
    [admin_first_name] => Superdoggo
    [admin_last_name] => Bork
    [admin_email] => *******@*****.com
    [admin_login] => superdoggo
    [admin_password] => *******
    [admin_confirm_password] => *******
    [backend_uri] => /backend
    [encryption_code] => *******
    [file_mask] => 777
    [folder_mask] => 777
    [handler] => onValidateDatabase
)

.============================ POST REQUEST ==========================.
[2017/07/18 09:46:57] Postback payload: Array
(
    [db_type] => mysql
    [db_host] => localhost
    [db_port] => 
    [db_name] => dodgydoggos
    [db_user] => superdoggo
    [db_pass] => *******
    [admin_first_name] => Superdoggo
    [admin_last_name] => Bork
    [admin_email] => *******@*****.com
    [admin_login] => superdoggo
    [admin_password] => *******
    [admin_confirm_password] => *******
    [backend_uri] => /backend
    [encryption_code] => *******
    [file_mask] => 777
    [folder_mask] => 777
    [handler] => onValidateAdminAccount
)

.============================ POST REQUEST ==========================.
[2017/07/18 09:46:57] Postback payload: Array
(
    [db_type] => mysql
    [db_host] => localhost
    [db_port] => 
    [db_name] => dodgydoggos
    [db_user] => superdoggo
    [db_pass] => *******
    [admin_first_name] => Superdoggo
    [admin_last_name] => Bork
    [admin_email] => *******@*****.com
    [admin_login] => superdoggo
    [admin_password] => *******
    [admin_confirm_password] => *******
    [backend_uri] => /backend
    [encryption_code] => *******
    [file_mask] => 777
    [folder_mask] => 777
    [handler] => onValidateAdvancedConfig
)

.============================ POST REQUEST ==========================.
[2017/07/18 09:47:07] Postback payload: Array
(
    [step] => getMetaData
    [meta] => 
    [handler] => onInstallStep
)

[2017/07/18 09:47:07] Install step: getMetaData
[2017/07/18 09:47:08] Server request: core/install
[2017/07/18 09:47:08] Request information: Array
(
    [url] => http://octobercms.com/api/core/install
    [content_type] => application/json
    [http_code] => 200
    [header_size] => 774
    [request_size] => 191
    [filetime] => -1
    [ssl_verify_result] => 0
    [redirect_count] => 0
    [total_time] => 0.645773
    [namelookup_time] => 0.060758
    [connect_time] => 0.081594
    [pretransfer_time] => 0.081629
    [size_upload] => 52
    [size_download] => 134
    [speed_download] => 207
    [speed_upload] => 80
    [download_content_length] => 134
    [upload_content_length] => 52
    [starttransfer_time] => 0.645752
    [redirect_time] => 0
    [redirect_url] => 
    [primary_ip] => 104.24.113.12
    [certinfo] => Array
        (
        )

    [primary_port] => 80
    [local_ip] => 192.168.0.10
    [local_port] => 55610
)

[2017/07/18 09:47:08] Step getMetaData +OK
[2017/07/18 09:47:08] Execute handler (onInstallStep): Array
(
    [result] => Array
        (
            [core] => Array
                (
                    [hash] => 1fc4f2016fbeaac8d8ab1e772812e978
                    [build] => 419
                    [uhash] => 386846ebe3802c4f192625743abb3f06
                )

            [plugins] => Array
                (
                )

            [themes] => Array
                (
                )

        )

)

.============================ POST REQUEST ==========================.
[2017/07/18 09:47:08] Postback payload: Array
(
    [step] => downloadCore
    [meta] => Array
        (
            [core] => Array
                (
                    [hash] => 1fc4f2016fbeaac8d8ab1e772812e978
                    [build] => 419
                    [uhash] => 386846ebe3802c4f192625743abb3f06
                )

        )

    [handler] => onInstallStep
)

[2017/07/18 09:47:08] Install step: downloadCore
[2017/07/18 09:47:13] Saving to file (core): /home/michal/webdev/dodgydoggos_october/install_files/temp/a74ad8dfacd4f985eb3977517615ce25.arc
[2017/07/18 09:47:13] Step downloadCore +OK
[2017/07/18 09:47:13] Execute handler (onInstallStep): Array
(
    [result] => 
)

.============================ POST REQUEST ==========================.
[2017/07/18 09:47:13] Postback payload: Array
(
    [step] => extractCore
    [meta] => Array
        (
            [core] => Array
                (
                    [hash] => 1fc4f2016fbeaac8d8ab1e772812e978
                    [build] => 419
                    [uhash] => 386846ebe3802c4f192625743abb3f06
                )

        )

    [handler] => onInstallStep
)

[2017/07/18 09:47:13] Install step: extractCore
[2017/07/18 09:47:13] Extracting file (core): a74ad8dfacd4f985eb3977517615ce25.arc
[2017/07/18 09:47:16] Step extractCore +OK
[2017/07/18 09:47:16] Execute handler (onInstallStep): Array
(
    [result] => 1
)

.============================ POST REQUEST ==========================.
[2017/07/18 09:47:17] Postback payload: Array
(
    [step] => setupConfig
    [meta] => Array
        (
            [core] => Array
                (
                    [hash] => 1fc4f2016fbeaac8d8ab1e772812e978
                    [build] => 419
                    [uhash] => 386846ebe3802c4f192625743abb3f06
                )

        )

    [db_type] => mysql
    [db_host] => localhost
    [db_port] => 
    [db_name] => dodgydoggos
    [db_user] => superdoggo
    [db_pass] => *******
    [admin_first_name] => Superdoggo
    [admin_last_name] => Bork
    [admin_email] => *******@*****.com
    [admin_login] => superdoggo
    [admin_password] => *******
    [admin_confirm_password] => *******
    [backend_uri] => /backend
    [encryption_code] => *******
    [file_mask] => 777
    [folder_mask] => 777
    [handler] => onInstallStep
)

[2017/07/18 09:47:17] Install step: setupConfig
[2017/07/18 08:47:17] Step setupConfig +OK
[2017/07/18 08:47:17] Execute handler (onInstallStep): Array
(
    [result] => 
)

.============================ POST REQUEST ==========================.
[2017/07/18 09:47:17] Postback payload: Array
(
    [step] => createAdmin
    [meta] => Array
        (
            [core] => Array
                (
                    [hash] => 1fc4f2016fbeaac8d8ab1e772812e978
                    [build] => 419
                    [uhash] => 386846ebe3802c4f192625743abb3f06
                )

        )

    [db_type] => mysql
    [db_host] => localhost
    [db_port] => 
    [db_name] => dodgydoggos
    [db_user] => superdoggo
    [db_pass] => *******
    [admin_first_name] => Superdoggo
    [admin_last_name] => Bork
    [admin_email] => *******@*****.com
    [admin_login] => superdoggo
    [admin_password] => *******
    [admin_confirm_password] => *******
    [backend_uri] => /backend
    [encryption_code] => *******
    [file_mask] => 777
    [folder_mask] => 777
    [handler] => onInstallStep
)

[2017/07/18 09:47:17] Install step: createAdmin
[2017/07/18 08:47:20] Step createAdmin +OK
[2017/07/18 08:47:20] Execute handler (onInstallStep): Array
(
    [result] => 
)

.============================ POST REQUEST ==========================.
[2017/07/18 09:47:20] Postback payload: Array
(
    [disableLog] => 1
)

[2017/07/18 09:47:20] Install step: setupProject
[2017/07/18 09:47:20] Step setupProject +OK
[2017/07/18 09:47:20] Execute handler (onInstallStep): Array
(
    [result] => 
)

.============================ POST REQUEST ==========================.
[2017/07/18 09:47:20] Postback payload: Array
(
    [step] => finishInstall
    [meta] => Array
        (
            [core] => Array
                (
                    [hash] => 1fc4f2016fbeaac8d8ab1e772812e978
                    [build] => 419
                    [uhash] => 386846ebe3802c4f192625743abb3f06
                )

        )

    [hash] => 1fc4f2016fbeaac8d8ab1e772812e978
    [build] => 419
    [uhash] => 386846ebe3802c4f192625743abb3f06
    [handler] => onInstallStep
)

[2017/07/18 09:47:20] Install step: finishInstall
[2017/07/18 08:47:20] Cleaning up file: a74ad8dfacd4f985eb3977517615ce25.arc
[2017/07/18 08:47:20] Step finishInstall +OK
[2017/07/18 08:47:20] Execute handler (onInstallStep): Array
(
    [result] => 
)

